<?xml version="1.0" encoding="UTF-8"?>
<!-- Generated by org.testng.reporters.JUnitXMLReporter -->
<testsuite hostname="INLN34419698A" ignored="0" name="OrangeHRMTest" tests="5" failures="0" timestamp="20 Jul 2019 16:11:11 GMT" time="0.088" errors="0">
  <testcase name="@BeforeMethod setUp" time="0.006" classname="com.openhrm.qa.testcases.LoginPageTest">
    <failure type="java.lang.NullPointerException">
      <![CDATA[java.lang.NullPointerException
at com.openhrm.qa.base.TestBase.initialization(TestBase.java:40)
at com.openhrm.qa.testcases.LoginPageTest.setUp(LoginPageTest.java:29)
... Removed 28 stack frames]]>
    </failure>
  </testcase> <!-- @BeforeMethod setUp -->
  <testcase name="@AfterMethod tearDown" time="0.0" classname="com.openhrm.qa.testcases.LoginPageTest">
    <skipped/>
  </testcase> <!-- @AfterMethod tearDown -->
  <testcase name="@BeforeMethod setUp" time="0.001" classname="com.openhrm.qa.testcases.HomePageTest">
    <failure type="java.lang.NullPointerException">
      <![CDATA[java.lang.NullPointerException
at com.openhrm.qa.base.TestBase.initialization(TestBase.java:40)
at com.openhrm.qa.testcases.HomePageTest.setUp(HomePageTest.java:29)
... Removed 28 stack frames]]>
    </failure>
  </testcase> <!-- @BeforeMethod setUp -->
  <testcase name="@AfterMethod tearDown" time="0.0" classname="com.openhrm.qa.testcases.HomePageTest">
    <skipped/>
  </testcase> <!-- @AfterMethod tearDown -->
  <testcase name="@BeforeMethod setUp" time="0.0" classname="com.openhrm.qa.testcases.LoginPageTest">
    <skipped/>
  </testcase> <!-- @BeforeMethod setUp -->
  <testcase name="@AfterMethod tearDown" time="0.0" classname="com.openhrm.qa.testcases.LoginPageTest">
    <skipped/>
  </testcase> <!-- @AfterMethod tearDown -->
  <testcase name="@BeforeMethod setUp" time="0.0" classname="com.openhrm.qa.testcases.HomePageTest">
    <skipped/>
  </testcase> <!-- @BeforeMethod setUp -->
  <testcase name="@AfterMethod tearDown" time="0.0" classname="com.openhrm.qa.testcases.HomePageTest">
    <skipped/>
  </testcase> <!-- @AfterMethod tearDown -->
  <testcase name="@BeforeMethod setUp" time="0.0" classname="com.openhrm.qa.testcases.LoginPageTest">
    <skipped/>
  </testcase> <!-- @BeforeMethod setUp -->
  <testcase name="@AfterMethod tearDown" time="0.0" classname="com.openhrm.qa.testcases.LoginPageTest">
    <skipped/>
  </testcase> <!-- @AfterMethod tearDown -->
  <testcase name="loginpageTitleTest" time="0.0" classname="com.openhrm.qa.testcases.LoginPageTest">
    <skipped/>
  </testcase> <!-- loginpageTitleTest -->
  <testcase name="userValidateTest" time="0.0" classname="com.openhrm.qa.testcases.HomePageTest">
    <skipped/>
  </testcase> <!-- userValidateTest -->
  <testcase name="loginpagelogoTest" time="0.0" classname="com.openhrm.qa.testcases.LoginPageTest">
    <skipped/>
  </testcase> <!-- loginpagelogoTest -->
  <testcase name="admintabClickTest" time="0.0" classname="com.openhrm.qa.testcases.HomePageTest">
    <skipped/>
  </testcase> <!-- admintabClickTest -->
  <testcase name="loginTest" time="0.0" classname="com.openhrm.qa.testcases.LoginPageTest">
    <skipped/>
  </testcase> <!-- loginTest -->
</testsuite> <!-- OrangeHRMTest -->
