<?xml version="1.0" encoding="UTF-8"?>
<!-- Generated by org.testng.reporters.JUnitXMLReporter -->
<testsuite hostname="INLN34419698A" ignored="0" name="OrangeHRMTest" tests="5" failures="0" timestamp="20 Jul 2019 16:16:34 GMT" time="47.113" errors="0">
  <testcase name="loginpageTitleTest" time="0.042" classname="com.openhrm.qa.testcases.LoginPageTest"/>
  <testcase name="userValidateTest" time="0.032" classname="com.openhrm.qa.testcases.HomePageTest"/>
  <testcase name="loginpagelogoTest" time="0.038" classname="com.openhrm.qa.testcases.LoginPageTest"/>
  <testcase name="admintabClickTest" time="1.91" classname="com.openhrm.qa.testcases.HomePageTest"/>
  <testcase name="loginTest" time="1.694" classname="com.openhrm.qa.testcases.LoginPageTest"/>
</testsuite> <!-- OrangeHRMTest -->
