<?xml version="1.0" encoding="UTF-8"?>
<testng-results skipped="0" failed="0" ignored="0" total="5" passed="5">
  <reporter-output>
  </reporter-output>
  <suite name="OrangeHRMAutomationTestSuit" duration-ms="47113" started-at="2019-07-20T16:15:47Z" finished-at="2019-07-20T16:16:34Z">
    <groups>
    </groups>
    <test name="OrangeHRMTest" duration-ms="47113" started-at="2019-07-20T16:15:47Z" finished-at="2019-07-20T16:16:34Z">
      <class name="com.openhrm.qa.testcases.HomePageTest">
        <test-method status="PASS" signature="setUp()[pri:0, instance:com.openhrm.qa.testcases.HomePageTest@222545dc]" name="setUp" is-config="true" duration-ms="8365" started-at="2019-07-20T16:15:56Z" finished-at="2019-07-20T16:16:04Z">
          <reporter-output>
          </reporter-output>
        </test-method> <!-- setUp -->
        <test-method status="PASS" signature="userValidateTest()[pri:1, instance:com.openhrm.qa.testcases.HomePageTest@222545dc]" name="userValidateTest" duration-ms="32" started-at="2019-07-20T16:16:04Z" finished-at="2019-07-20T16:16:04Z">
          <reporter-output>
          </reporter-output>
        </test-method> <!-- userValidateTest -->
        <test-method status="PASS" signature="tearDown()[pri:0, instance:com.openhrm.qa.testcases.HomePageTest@222545dc]" name="tearDown" is-config="true" duration-ms="905" started-at="2019-07-20T16:16:04Z" finished-at="2019-07-20T16:16:05Z">
          <reporter-output>
          </reporter-output>
        </test-method> <!-- tearDown -->
        <test-method status="PASS" signature="setUp()[pri:0, instance:com.openhrm.qa.testcases.HomePageTest@222545dc]" name="setUp" is-config="true" duration-ms="8596" started-at="2019-07-20T16:16:13Z" finished-at="2019-07-20T16:16:22Z">
          <reporter-output>
          </reporter-output>
        </test-method> <!-- setUp -->
        <test-method status="PASS" signature="admintabClickTest()[pri:2, instance:com.openhrm.qa.testcases.HomePageTest@222545dc]" name="admintabClickTest" duration-ms="1910" started-at="2019-07-20T16:16:22Z" finished-at="2019-07-20T16:16:24Z">
          <reporter-output>
          </reporter-output>
        </test-method> <!-- admintabClickTest -->
        <test-method status="PASS" signature="tearDown()[pri:0, instance:com.openhrm.qa.testcases.HomePageTest@222545dc]" name="tearDown" is-config="true" duration-ms="973" started-at="2019-07-20T16:16:24Z" finished-at="2019-07-20T16:16:25Z">
          <reporter-output>
          </reporter-output>
        </test-method> <!-- tearDown -->
      </class> <!-- com.openhrm.qa.testcases.HomePageTest -->
      <class name="com.openhrm.qa.testcases.LoginPageTest">
        <test-method status="PASS" signature="setUp()[pri:0, instance:com.openhrm.qa.testcases.LoginPageTest@6ae5aa72]" name="setUp" is-config="true" duration-ms="8226" started-at="2019-07-20T16:15:47Z" finished-at="2019-07-20T16:15:55Z">
          <reporter-output>
          </reporter-output>
        </test-method> <!-- setUp -->
        <test-method status="PASS" signature="loginpageTitleTest()[pri:1, instance:com.openhrm.qa.testcases.LoginPageTest@6ae5aa72]" name="loginpageTitleTest" duration-ms="42" started-at="2019-07-20T16:15:55Z" finished-at="2019-07-20T16:15:55Z">
          <reporter-output>
          </reporter-output>
        </test-method> <!-- loginpageTitleTest -->
        <test-method status="PASS" signature="tearDown()[pri:0, instance:com.openhrm.qa.testcases.LoginPageTest@6ae5aa72]" name="tearDown" is-config="true" duration-ms="842" started-at="2019-07-20T16:15:55Z" finished-at="2019-07-20T16:15:56Z">
          <reporter-output>
          </reporter-output>
        </test-method> <!-- tearDown -->
        <test-method status="PASS" signature="setUp()[pri:0, instance:com.openhrm.qa.testcases.LoginPageTest@6ae5aa72]" name="setUp" is-config="true" duration-ms="6721" started-at="2019-07-20T16:16:05Z" finished-at="2019-07-20T16:16:12Z">
          <reporter-output>
          </reporter-output>
        </test-method> <!-- setUp -->
        <test-method status="PASS" signature="loginpagelogoTest()[pri:2, instance:com.openhrm.qa.testcases.LoginPageTest@6ae5aa72]" name="loginpagelogoTest" duration-ms="38" started-at="2019-07-20T16:16:12Z" finished-at="2019-07-20T16:16:12Z">
          <reporter-output>
          </reporter-output>
        </test-method> <!-- loginpagelogoTest -->
        <test-method status="PASS" signature="tearDown()[pri:0, instance:com.openhrm.qa.testcases.LoginPageTest@6ae5aa72]" name="tearDown" is-config="true" duration-ms="909" started-at="2019-07-20T16:16:12Z" finished-at="2019-07-20T16:16:13Z">
          <reporter-output>
          </reporter-output>
        </test-method> <!-- tearDown -->
        <test-method status="PASS" signature="setUp()[pri:0, instance:com.openhrm.qa.testcases.LoginPageTest@6ae5aa72]" name="setUp" is-config="true" duration-ms="6925" started-at="2019-07-20T16:16:25Z" finished-at="2019-07-20T16:16:31Z">
          <reporter-output>
          </reporter-output>
        </test-method> <!-- setUp -->
        <test-method status="PASS" signature="loginTest()[pri:3, instance:com.openhrm.qa.testcases.LoginPageTest@6ae5aa72]" name="loginTest" duration-ms="1694" started-at="2019-07-20T16:16:31Z" finished-at="2019-07-20T16:16:33Z">
          <reporter-output>
          </reporter-output>
        </test-method> <!-- loginTest -->
        <test-method status="PASS" signature="tearDown()[pri:0, instance:com.openhrm.qa.testcases.LoginPageTest@6ae5aa72]" name="tearDown" is-config="true" duration-ms="901" started-at="2019-07-20T16:16:33Z" finished-at="2019-07-20T16:16:34Z">
          <reporter-output>
          </reporter-output>
        </test-method> <!-- tearDown -->
      </class> <!-- com.openhrm.qa.testcases.LoginPageTest -->
    </test> <!-- OrangeHRMTest -->
  </suite> <!-- OrangeHRMAutomationTestSuit -->
</testng-results>
